Oct-18-2011 05:52:35
=================================

Response Code: 1.
Response Text: (TESTMODE) This transaction has been approved.

Results Received back from Authorizenet: Array
(
    [x_response_code] => 1
    [x_response_reason_code] => 1
    [x_response_reason_text] => (TESTMODE) This transaction has been approved.
    [x_avs_code] => P
    [x_auth_code] => 000000
    [x_trans_id] => 0
    [x_method] => CC
    [x_card_type] => Visa
    [x_account_number] => XXXX9292
    [x_first_name] => jamie
    [x_last_name] => robertson
    [x_company] => motion industries
    [x_address] => 45313 23rd. st west
    [x_city] => lancaster
    [x_state] => California
    [x_zip] => 93536
    [x_country] => United States
    [x_phone] => 661-948-8436
    [x_fax] => 
    [x_email] => jamie.robertson@motion-ind.com
    [x_invoice_num] => 
    [x_description] => Website Purchase from DCM Clean Air Store
    [x_type] => auth_capture
    [x_cust_id] => 7
    [x_ship_to_first_name] => jamie
    [x_ship_to_last_name] => robertson
    [x_ship_to_company] => motion industries
    [x_ship_to_address] => 45313 23rd. st west
    [x_ship_to_city] => lancaster
    [x_ship_to_state] => California
    [x_ship_to_zip] => 93536
    [x_ship_to_country] => United States
    [x_amount] => 473.85
    [x_tax] => 0.00
    [x_duty] => 0.00
    [x_freight] => 0.00
    [x_tax_exempt] => FALSE
    [x_po_num] => 
    [x_MD5_Hash] => C254C518F31879E9D1DFEEE70BB9DDA7
    [x_cvv2_resp_code] => 
    [x_cavv_response] => 
    [x_test_request] => true
    [zenid] => c73306e65c2c5bb66db5ce1079074bdb
    [HashValidationValue] => C254C518F31879E9D1DFEEE70BB9DDA7
    [HashMatchStatus] => PASS
    [url] => https://secure.authorize.net/gateway/transact.dll
)


