Nov-18-2011 08:12:56
=================================

Response Code: 1.
Response Text: This transaction has been approved.

Results Received back from Authorizenet: Array
(
    [x_response_code] => 1
    [x_response_reason_code] => 1
    [x_response_reason_text] => This transaction has been approved.
    [x_avs_code] => Y
    [x_auth_code] => 077094
    [x_trans_id] => 3987965147
    [x_method] => CC
    [x_card_type] => Visa
    [x_account_number] => XXXX7213
    [x_first_name] => Matt
    [x_last_name] => Harris
    [x_company] => Lockheed Martin Aeronautics Corporation
    [x_address] => 86 S. Cobb Dr
    [x_city] => Marietta
    [x_state] => Georgia
    [x_zip] => 30063
    [x_country] => United States
    [x_phone] => 850-282-4450
    [x_fax] => 
    [x_email] => matt.r.harris@lmco.com
    [x_invoice_num] => 
    [x_description] => Website Purchase from DCM Clean Air Store
    [x_type] => auth_capture
    [x_cust_id] => 10
    [x_ship_to_first_name] => F-22 Mod Team
    [x_ship_to_last_name] => Attn: Ray Stephenson
    [x_ship_to_company] => 
    [x_ship_to_address] => 114 Goat Hill Loop
    [x_ship_to_city] => Tyndall AFB
    [x_ship_to_state] => Florida
    [x_ship_to_zip] => 32403
    [x_ship_to_country] => United States
    [x_amount] => 1135.82
    [x_tax] => 0.00
    [x_duty] => 0.00
    [x_freight] => 0.00
    [x_tax_exempt] => FALSE
    [x_po_num] => 
    [x_MD5_Hash] => 8294FA7318F64F173219517AEA4A64F4
    [x_cvv2_resp_code] => M
    [x_cavv_response] => 
    [x_test_request] => false
    [zenid] => e4fd4d412fca4e2c3181d2e324067f78
    [HashValidationValue] => 8294FA7318F64F173219517AEA4A64F4
    [HashMatchStatus] => PASS
    [url] => https://secure.authorize.net/gateway/transact.dll
)


